<?xml version="1.0" encoding="UTF-8"?>
<!-- Generated by org.testng.reporters.JUnitXMLReporter -->
<testsuite ignored="0" hostname="DESKTOP-SC8EMQ0" failures="1" tests="1" name="Test" time="27.027" errors="0" timestamp="2023-11-16T23:02:16 IST">
  <testcase classname="com.medicaretestcases.SupplierTestCase" name="@AfterMethod closeBrowser" time="0.0">
    <failure type="java.lang.NullPointerException">
      <![CDATA[java.lang.NullPointerException
at com.medicaretestcases.SupplierTestCase.closeBrowser(SupplierTestCase.java:68)
at java.base/java.util.ArrayList.forEach(ArrayList.java:1541)
... Removed 32 stack frames]]>
    </failure>
  </testcase> <!-- @AfterMethod closeBrowser -->
  <testcase classname="com.medicaretestcases.SupplierTestCase" name="LoginTestcase" time="12.814">
    <failure type="org.openqa.selenium.NoSuchElementException" message="Unable to locate element: //a[@class=&amp;quot;btn btn-success btn-block&amp;quot;]
For documentation on this error, please visit: https://www.selenium.dev/documentation/webdriver/troubleshooting/errors#no-such-element-exception
Build info: version: &amp;apos;4.15.0&amp;apos;, revision: &amp;apos;1d14b5521b&amp;apos;
System info: os.name: &amp;apos;Windows 11&amp;apos;, os.arch: &amp;apos;amd64&amp;apos;, os.version: &amp;apos;10.0&amp;apos;, java.version: &amp;apos;11.0.19&amp;apos;
Driver info: org.openqa.selenium.firefox.FirefoxDriver
Command: [f2b0c8a8-0c20-46af-afbd-9a20f71fa86d, findElement {using=xpath, value=//a[@class=&amp;quot;btn btn-success btn-block&amp;quot;]}]
Capabilities {acceptInsecureCerts: true, browserName: firefox, browserVersion: 119.0.1, moz:accessibilityChecks: false, moz:buildID: 20231106151204, moz:debuggerAddress: 127.0.0.1:45116, moz:geckodriverVersion: 0.31.0, moz:headless: false, moz:platformVersion: 10.0, moz:processID: 28500, moz:profile: C:\Users\Malar\AppData\Loca..., moz:shutdownTimeout: 60000, moz:webdriverClick: true, moz:windowless: false, pageLoadStrategy: normal, platformName: windows, proxy: Proxy(), se:cdp: ws://127.0.0.1:45116/devtoo..., se:cdpVersion: 85.0, setWindowRect: true, strictFileInteractability: false, timeouts: {implicit: 0, pageLoad: 300000, script: 30000}, unhandledPromptBehavior: dismiss and notify}
Session ID: f2b0c8a8-0c20-46af-afbd-9a20f71fa86d">
      <![CDATA[org.openqa.selenium.NoSuchElementException: Unable to locate element: //a[@class="btn btn-success btn-block"]
For documentation on this error, please visit: https://www.selenium.dev/documentation/webdriver/troubleshooting/errors#no-such-element-exception
Build info: version: '4.15.0', revision: '1d14b5521b'
System info: os.name: 'Windows 11', os.arch: 'amd64', os.version: '10.0', java.version: '11.0.19'
Driver info: org.openqa.selenium.firefox.FirefoxDriver
Command: [f2b0c8a8-0c20-46af-afbd-9a20f71fa86d, findElement {using=xpath, value=//a[@class="btn btn-success btn-block"]}]
Capabilities {acceptInsecureCerts: true, browserName: firefox, browserVersion: 119.0.1, moz:accessibilityChecks: false, moz:buildID: 20231106151204, moz:debuggerAddress: 127.0.0.1:45116, moz:geckodriverVersion: 0.31.0, moz:headless: false, moz:platformVersion: 10.0, moz:processID: 28500, moz:profile: C:\Users\Malar\AppData\Loca..., moz:shutdownTimeout: 60000, moz:webdriverClick: true, moz:windowless: false, pageLoadStrategy: normal, platformName: windows, proxy: Proxy(), se:cdp: ws://127.0.0.1:45116/devtoo..., se:cdpVersion: 85.0, setWindowRect: true, strictFileInteractability: false, timeouts: {implicit: 0, pageLoad: 300000, script: 30000}, unhandledPromptBehavior: dismiss and notify}
Session ID: f2b0c8a8-0c20-46af-afbd-9a20f71fa86d
at selenium.server@4.15.0/org.openqa.selenium.remote.codec.w3c.W3CHttpResponseCodec.createException(W3CHttpResponseCodec.java:200)
at selenium.server@4.15.0/org.openqa.selenium.remote.codec.w3c.W3CHttpResponseCodec.decode(W3CHttpResponseCodec.java:133)
at selenium.server@4.15.0/org.openqa.selenium.remote.codec.w3c.W3CHttpResponseCodec.decode(W3CHttpResponseCodec.java:52)
at selenium.server@4.15.0/org.openqa.selenium.remote.HttpCommandExecutor.execute(HttpCommandExecutor.java:191)
at selenium.server@4.15.0/org.openqa.selenium.remote.service.DriverCommandExecutor.invokeExecute(DriverCommandExecutor.java:200)
at selenium.server@4.15.0/org.openqa.selenium.remote.service.DriverCommandExecutor.execute(DriverCommandExecutor.java:175)
at selenium.server@4.15.0/org.openqa.selenium.remote.RemoteWebDriver.execute(RemoteWebDriver.java:607)
at selenium.server@4.15.0/org.openqa.selenium.remote.ElementLocation$ElementFinder$2.findElement(ElementLocation.java:165)
at selenium.server@4.15.0/org.openqa.selenium.remote.ElementLocation.findElement(ElementLocation.java:59)
at selenium.server@4.15.0/org.openqa.selenium.remote.RemoteWebDriver.findElement(RemoteWebDriver.java:364)
at selenium.server@4.15.0/org.openqa.selenium.remote.RemoteWebDriver.findElement(RemoteWebDriver.java:358)
at com.medicarePOM.POMFactoryMed.CheckOut(POMFactoryMed.java:77)
at com.medicaretestcases.SupplierTestCase.LoginTestcase(SupplierTestCase.java:53)
at java.base/java.util.ArrayList.forEach(ArrayList.java:1541)
... Removed 31 stack frames]]>
    </failure>
  </testcase> <!-- LoginTestcase -->
</testsuite> <!-- Test -->
